<?xml version="1.0" encoding="UTF-8"?>
<!-- Generated by org.testng.reporters.JUnitReportReporter -->
<testsuite hostname="Ghada-Saleh-HP" failures="0" tests="5" name="HelloWorld.TestSuite" time="3.877" errors="0" timestamp="2023-01-05T21:43:27 EET" skipped="0">
  <testcase classname="HelloWorld.TestSuite" name="InValidUserNameAndPassword" time="0.800"/>
  <system-out/>
  <testcase classname="HelloWorld.TestSuite" name="InValidUserNameAndPassword" time="0.736"/>
  <system-out/>
  <testcase classname="HelloWorld.TestSuite" name="InValidUserNameAndPassword" time="0.868"/>
  <system-out/>
  <testcase classname="HelloWorld.TestSuite" name="Login" time="0.794"/>
  <system-out/>
  <testcase classname="HelloWorld.TestSuite" name="LogOut" time="0.679"/>
  <system-out/>
</testsuite> <!-- HelloWorld.TestSuite -->
