<?xml version="1.0" encoding="UTF-8"?>
<!-- Generated by org.testng.reporters.JUnitReportReporter -->
<testsuite hostname="Ghada-Saleh-HP" failures="0" tests="2" name="HelloWorld.LoginTest" time="1.647" errors="0" timestamp="2023-01-05T21:44:09 EET" skipped="0">
  <testcase classname="HelloWorld.LoginTest" name="InValidUserNameAndPassword" time="0.853"/>
  <system-out/>
  <testcase classname="HelloWorld.LoginTest" name="ValidUserNameAndPassword" time="0.794"/>
  <system-out/>
</testsuite> <!-- HelloWorld.LoginTest -->
